2022-02-01 12:01:44.946388


Architecture: AG_Tokyo, Circuit: 0410184_169
Time:  2.18 s.
|V| = 13,
|E| = 13.
Graphic at output/AG_Tokyo_0410184_169.pdf.

Architecture: AG_Tokyo, Circuit: 3_17_13
Time:  0.000153 s.
|V| = 3,
|E| = 2.
Graphic at output/AG_Tokyo_3_17_13.pdf.

Architecture: AG_Tokyo, Circuit: 4_49_16
Time:  0.00316 s.
|V| = 5,
|E| = 4.
Graphic at output/AG_Tokyo_4_49_16.pdf.

Architecture: AG_Tokyo, Circuit: 4gt10-v1_81
Time:  0.00306 s.
|V| = 5,
|E| = 4.
Graphic at output/AG_Tokyo_4gt10-v1_81.pdf.

Architecture: AG_Tokyo, Circuit: 4gt11_82
Time:  7.75e-05 s.
|V| = 2,
|E| = 1.
Graphic at output/AG_Tokyo_4gt11_82.pdf.

Architecture: AG_Tokyo, Circuit: 4gt11_83
Time:  7.89e-05 s.
|V| = 2,
|E| = 1.
Graphic at output/AG_Tokyo_4gt11_83.pdf.

Architecture: AG_Tokyo, Circuit: 4gt11_84
Time:  0.000169 s.
|V| = 3,
|E| = 3.
Graphic at output/AG_Tokyo_4gt11_84.pdf.

Architecture: AG_Tokyo, Circuit: 4gt12-v0_86
Time:  8.23e-05 s.
|V| = 2,
|E| = 1.
Graphic at output/AG_Tokyo_4gt12-v0_86.pdf.

Architecture: AG_Tokyo, Circuit: 4gt12-v0_87
Time:  7.84e-05 s.
|V| = 2,
|E| = 1.
Graphic at output/AG_Tokyo_4gt12-v0_87.pdf.

Architecture: AG_Tokyo, Circuit: 4gt12-v0_88
Time:  0.000176 s.
|V| = 3,
|E| = 3.
Graphic at output/AG_Tokyo_4gt12-v0_88.pdf.

Architecture: AG_Tokyo, Circuit: 4gt12-v1_89
Time:  0.000625 s.
|V| = 5,
|E| = 5.
Graphic at output/AG_Tokyo_4gt12-v1_89.pdf.

Architecture: AG_Tokyo, Circuit: 4gt13-v1_93
Time:  0.00071 s.
|V| = 4,
|E| = 2.
Graphic at output/AG_Tokyo_4gt13-v1_93.pdf.

Architecture: AG_Tokyo, Circuit: 4gt13_90
Time:  8.37e-05 s.
|V| = 2,
|E| = 1.
Graphic at output/AG_Tokyo_4gt13_90.pdf.

Architecture: AG_Tokyo, Circuit: 4gt13_91
Time:  8.15e-05 s.
|V| = 2,
|E| = 1.
Graphic at output/AG_Tokyo_4gt13_91.pdf.

Architecture: AG_Tokyo, Circuit: 4gt13_92
Time:  0.00312 s.
|V| = 5,
|E| = 3.
Graphic at output/AG_Tokyo_4gt13_92.pdf.

Architecture: AG_Tokyo, Circuit: 4gt4-v0_72
Time:  0.000328 s.
|V| = 4,
|E| = 4.
Graphic at output/AG_Tokyo_4gt4-v0_72.pdf.

Architecture: AG_Tokyo, Circuit: 4gt4-v0_73
Time:  0.000151 s.
|V| = 3,
|E| = 2.
Graphic at output/AG_Tokyo_4gt4-v0_73.pdf.

Architecture: AG_Tokyo, Circuit: 4gt4-v0_78
Time:  7.96e-05 s.
|V| = 2,
|E| = 1.
Graphic at output/AG_Tokyo_4gt4-v0_78.pdf.

Architecture: AG_Tokyo, Circuit: 4gt4-v0_79
Time:  8.11e-05 s.
|V| = 2,
|E| = 1.
Graphic at output/AG_Tokyo_4gt4-v0_79.pdf.

Architecture: AG_Tokyo, Circuit: 4gt4-v0_80
Time:  0.000173 s.
|V| = 3,
|E| = 3.
Graphic at output/AG_Tokyo_4gt4-v0_80.pdf.

Architecture: AG_Tokyo, Circuit: 4gt4-v1_74
Time:  0.000168 s.
|V| = 3,
|E| = 3.
Graphic at output/AG_Tokyo_4gt4-v1_74.pdf.

Architecture: AG_Tokyo, Circuit: 4gt5_75
Time:  0.000727 s.
|V| = 4,
|E| = 2.
Graphic at output/AG_Tokyo_4gt5_75.pdf.

Architecture: AG_Tokyo, Circuit: 4gt5_76
Time:  0.000139 s.
|V| = 3,
|E| = 2.
Graphic at output/AG_Tokyo_4gt5_76.pdf.

Architecture: AG_Tokyo, Circuit: 4gt5_77
Time:  7.89e-05 s.
|V| = 2,
|E| = 1.
Graphic at output/AG_Tokyo_4gt5_77.pdf.

Architecture: AG_Tokyo, Circuit: 4mod5-bdd_287
Time:  0.000644 s.
|V| = 5,
|E| = 5.
Graphic at output/AG_Tokyo_4mod5-bdd_287.pdf.

Architecture: AG_Tokyo, Circuit: 4mod5-v0_18
Time:  0.00017 s.
|V| = 3,
|E| = 3.
Graphic at output/AG_Tokyo_4mod5-v0_18.pdf.

Architecture: AG_Tokyo, Circuit: 4mod5-v0_19
Time:  0.000311 s.
|V| = 4,
|E| = 4.
Graphic at output/AG_Tokyo_4mod5-v0_19.pdf.

Architecture: AG_Tokyo, Circuit: 4mod5-v0_20
Time:  0.000221 s.
|V| = 4,
|E| = 3.
Graphic at output/AG_Tokyo_4mod5-v0_20.pdf.

Architecture: AG_Tokyo, Circuit: 4mod5-v1_22
Time:  0.000427 s.
|V| = 5,
|E| = 5.
Graphic at output/AG_Tokyo_4mod5-v1_22.pdf.

Architecture: AG_Tokyo, Circuit: 4mod5-v1_23
Time:  0.000171 s.
|V| = 3,
|E| = 3.
Graphic at output/AG_Tokyo_4mod5-v1_23.pdf.

Architecture: AG_Tokyo, Circuit: 4mod5-v1_24
Time:  0.00311 s.
|V| = 5,
|E| = 4.
Graphic at output/AG_Tokyo_4mod5-v1_24.pdf.

Architecture: AG_Tokyo, Circuit: 4mod7-v0_94
Time:  0.00308 s.
|V| = 5,
|E| = 4.
Graphic at output/AG_Tokyo_4mod7-v0_94.pdf.

Architecture: AG_Tokyo, Circuit: 4mod7-v1_96
Time:  0.000173 s.
|V| = 3,
|E| = 3.
Graphic at output/AG_Tokyo_4mod7-v1_96.pdf.

Architecture: AG_Tokyo, Circuit: 9symml_195
Time:  5.75 s.
|V| = 9,
|E| = 6.
Graphic at output/AG_Tokyo_9symml_195.pdf.

Architecture: AG_Tokyo, Circuit: adr4_197
Time:  0.00325 s.
|V| = 5,
|E| = 4.
Graphic at output/AG_Tokyo_adr4_197.pdf.

Architecture: AG_Tokyo, Circuit: aj-e11_165
Time:  0.000184 s.
|V| = 4,
|E| = 3.
Graphic at output/AG_Tokyo_aj-e11_165.pdf.

Architecture: AG_Tokyo, Circuit: alu-bdd_288
Time:  0.00902 s.
|V| = 6,
|E| = 5.
Graphic at output/AG_Tokyo_alu-bdd_288.pdf.

Architecture: AG_Tokyo, Circuit: alu-v1_28
Time:  0.000165 s.
|V| = 4,
|E| = 3.
Graphic at output/AG_Tokyo_alu-v1_28.pdf.

Architecture: AG_Tokyo, Circuit: alu-v1_29
Time:  0.000377 s.
|V| = 4,
|E| = 3.
Graphic at output/AG_Tokyo_alu-v1_29.pdf.

Architecture: AG_Tokyo, Circuit: cm82a_208
Time:  0.00036 s.
|V| = 3,
|E| = 3.
Graphic at output/AG_Tokyo_cm82a_208.pdf.

Architecture: AG_Tokyo, Circuit: con1_216
Time:  0.0244 s.
|V| = 7,
|E| = 7.
Graphic at output/AG_Tokyo_con1_216.pdf.

Architecture: AG_Tokyo, Circuit: decod24-v0_38
Time:  0.000203 s.
|V| = 3,
|E| = 3.
Graphic at output/AG_Tokyo_decod24-v0_38.pdf.

Architecture: AG_Tokyo, Circuit: ex-1_166
Time:  0.00019 s.
|V| = 3,
|E| = 3.
Graphic at output/AG_Tokyo_ex-1_166.pdf.

Architecture: AG_Tokyo, Circuit: ham3_102
Time:  0.000179 s.
|V| = 3,
|E| = 3.
Graphic at output/AG_Tokyo_ham3_102.pdf.

Architecture: AG_Tokyo, Circuit: hwb7_59
Time:  0.000463 s.
|V| = 3,
|E| = 3.
Graphic at output/AG_Tokyo_hwb7_59.pdf.

Architecture: AG_Tokyo, Circuit: hwb8_113
Time:  0.00459 s.
|V| = 5,
|E| = 4.
Graphic at output/AG_Tokyo_hwb8_113.pdf.

Architecture: AG_Tokyo, Circuit: mlp4_245
Time:  0.00943 s.
|V| = 6,
|E| = 6.
Graphic at output/AG_Tokyo_mlp4_245.pdf.

Architecture: AG_Tokyo, Circuit: mod10_171
Time:  0.000683 s.
|V| = 5,
|E| = 5.
Graphic at output/AG_Tokyo_mod10_171.pdf.

Architecture: AG_Tokyo, Circuit: one-two-three-v0_98
Time:  0.00445 s.
|V| = 5,
|E| = 3.
Graphic at output/AG_Tokyo_one-two-three-v0_98.pdf.

Architecture: AG_Tokyo, Circuit: one-two-three-v3_101
Time:  0.000748 s.
|V| = 5,
|E| = 5.
Graphic at output/AG_Tokyo_one-two-three-v3_101.pdf.

Architecture: AG_Tokyo, Circuit: rd53_130
Time:  0.00312 s.
|V| = 5,
|E| = 4.
Graphic at output/AG_Tokyo_rd53_130.pdf.

Architecture: AG_Tokyo, Circuit: rd53_131
Time:  0.15 s.
|V| = 7,
|E| = 5.
Graphic at output/AG_Tokyo_rd53_131.pdf.

Architecture: AG_Tokyo, Circuit: sym9_148
Time:  0.152 s.
|V| = 7,
|E| = 5.
Graphic at output/AG_Tokyo_sym9_148.pdf.

Architecture: AG_Tokyo, Circuit: sym9_193
Time:  5.84 s.
|V| = 9,
|E| = 6.
Graphic at output/AG_Tokyo_sym9_193.pdf.

Architecture: AG_Tokyo, Circuit: sys6-v0_111
Time:  0.0003 s.
|V| = 3,
|E| = 3.
Graphic at output/AG_Tokyo_sys6-v0_111.pdf.

